[debug] [2024-01-28T19:28:18.520Z] ----------------------------------------------------------------------
[debug] [2024-01-28T19:28:18.524Z] Command:       /home/meer/.nvm/versions/node/v18.17.1/bin/node /home/meer/.nvm/versions/node/v18.17.1/bin/firebase init
[debug] [2024-01-28T19:28:18.525Z] CLI Version:   13.1.0
[debug] [2024-01-28T19:28:18.527Z] Platform:      linux
[debug] [2024-01-28T19:28:18.527Z] Node Version:  v18.17.1
[debug] [2024-01-28T19:28:18.528Z] Time:          Mon Jan 29 2024 00:58:18 GMT+0530 (India Standard Time)
[debug] [2024-01-28T19:28:18.528Z] ----------------------------------------------------------------------
[debug] 
[debug] [2024-01-28T19:28:18.534Z] > command requires scopes: ["email","openid","https://www.googleapis.com/auth/cloudplatformprojects.readonly","https://www.googleapis.com/auth/firebase","https://www.googleapis.com/auth/cloud-platform"]
[debug] [2024-01-28T19:28:18.535Z] > authorizing via signed-in user (meeraliakhil@gmail.com)
[info] 
     ######## #### ########  ######## ########     ###     ######  ########
     ##        ##  ##     ## ##       ##     ##  ##   ##  ##       ##
     ######    ##  ########  ######   ########  #########  ######  ######
     ##        ##  ##    ##  ##       ##     ## ##     ##       ## ##
     ##       #### ##     ## ######## ########  ##     ##  ######  ########

You're about to initialize a Firebase project in this directory:

  /home/meer/Desktop/react/my-project

[info] 
=== Project Setup
[info] 
[info] First, let's associate this project directory with a Firebase project.
[info] You can create multiple project aliases by running firebase use --add, 
[info] but for now we'll just set up a default project.
[info] 
[debug] [2024-01-28T19:29:17.325Z] >>> [apiv2][query] GET https://firebase.googleapis.com/v1beta1/projects pageSize=100
[debug] [2024-01-28T19:29:18.341Z] <<< [apiv2][status] GET https://firebase.googleapis.com/v1beta1/projects 200
[debug] [2024-01-28T19:29:18.342Z] <<< [apiv2][body] GET https://firebase.googleapis.com/v1beta1/projects [omitted]
[info] i  Using project stock-analyzer-4f86a (stock-analyzer) 
[info] 
=== Hosting Setup
[debug] [2024-01-28T19:29:21.410Z] >>> [apiv2][query] GET https://firebase.googleapis.com/v1beta1/projects/stock-analyzer-4f86a [none]
[debug] [2024-01-28T19:29:22.155Z] <<< [apiv2][status] GET https://firebase.googleapis.com/v1beta1/projects/stock-analyzer-4f86a 200
[debug] [2024-01-28T19:29:22.155Z] <<< [apiv2][body] GET https://firebase.googleapis.com/v1beta1/projects/stock-analyzer-4f86a {"projectId":"stock-analyzer-4f86a","projectNumber":"367872747001","displayName":"stock-analyzer","name":"projects/stock-analyzer-4f86a","resources":{"hostingSite":"stock-analyzer-4f86a"},"state":"ACTIVE","etag":"1_c9c54077-a63e-4b0f-8c7d-4983fca92cec"}
[info] 
[info] Your public directory is the folder (relative to your project directory) that
[info] will contain Hosting assets to be uploaded with firebase deploy. If you
[info] have a build process for your assets, use your build's output directory.
[info] 
[debug] [2024-01-28T19:30:04.645Z] >>> [apiv2][query] GET https://www.gstatic.com/firebasejs/releases.json [none]
[debug] [2024-01-28T19:30:04.846Z] <<< [apiv2][status] GET https://www.gstatic.com/firebasejs/releases.json 200
[debug] [2024-01-28T19:30:04.846Z] <<< [apiv2][body] GET https://www.gstatic.com/firebasejs/releases.json {"current":{"version":"10.7.2","browserURL":"https://www.gstatic.com/firebasejs/10.7.2/firebase.js","packageURL":"https://www.gstatic.com/firebasejs/10.7.2/firebase.tgz"},"live":{"version":"10.7","browserURL":"https://www.gstatic.com/firebasejs/live/10.7/firebase.js","packageURL":"https://www.gstatic.com/firebasejs/live/10.7/firebase.tgz"},"components":{"analytics":"https://www.gstatic.com/firebasejs/10.7.2/firebase-analytics.js","app":"https://www.gstatic.com/firebasejs/10.7.2/firebase-app.js","app-check":"https://www.gstatic.com/firebasejs/10.7.2/firebase-app-check.js","auth":"https://www.gstatic.com/firebasejs/10.7.2/firebase-auth.js","auth/cordova":"https://www.gstatic.com/firebasejs/10.7.2/firebase-auth/cordova.js","functions":"https://www.gstatic.com/firebasejs/10.7.2/firebase-functions.js","firestore":"https://www.gstatic.com/firebasejs/10.7.2/firebase-firestore.js","firestore/lite":"https://www.gstatic.com/firebasejs/10.7.2/firebase-firestore/lite.js","installations":"https://www.gstatic.com/firebasejs/10.7.2/firebase-installations.js","storage":"https://www.gstatic.com/firebasejs/10.7.2/firebase-storage.js","performance":"https://www.gstatic.com/firebasejs/10.7.2/firebase-performance.js","remote-config":"https://www.gstatic.com/firebasejs/10.7.2/firebase-remote-config.js","messaging":"https://www.gstatic.com/firebasejs/10.7.2/firebase-messaging.js","messaging/sw":"https://www.gstatic.com/firebasejs/10.7.2/firebase-messaging/sw.js","database":"https://www.gstatic.com/firebasejs/10.7.2/firebase-database.js","firestore.memory":"https://www.gstatic.com/firebasejs/10.7.2/firebase-firestore.memory.js"}}
[info] i  Skipping write of build/index.html 
[info] 
[info] i  Detected a .git folder at /home/meer/Desktop/react/my-project 
[info] i  Authorizing with GitHub to upload your service account to a GitHub repository's secrets store. 
[info] 
[info] Visit this URL on this device to log in:
[info] https://github.com/login/oauth/authorize?client_id=89cf50f02ac6aaed3484&state=124612506&redirect_uri=http%3A%2F%2Flocalhost%3A9005&scope=read%3Auser%20repo%20public_repo
[info] 
[info] Waiting for authentication...
[debug] [2024-01-28T19:30:29.639Z] >>> [apiv2][query] POST https://github.com/login/oauth/access_token [none]
[debug] [2024-01-28T19:30:29.639Z] >>> [apiv2][body] POST https://github.com/login/oauth/access_token [stream]
[debug] [2024-01-28T19:30:30.126Z] <<< [apiv2][status] POST https://github.com/login/oauth/access_token 200
[debug] [2024-01-28T19:30:30.127Z] <<< [apiv2][body] POST https://github.com/login/oauth/access_token {"access_token":"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","token_type":"bearer","scope":"read:user,repo"}
[debug] [2024-01-28T19:30:30.140Z] >>> [apiv2][query] GET https://api.github.com/user [none]
[debug] [2024-01-28T19:30:30.581Z] <<< [apiv2][status] GET https://api.github.com/user 200
[debug] [2024-01-28T19:30:30.581Z] <<< [apiv2][body] GET https://api.github.com/user {"login":"MeerIsmailAli","id":90672138,"node_id":"MDQ6VXNlcjkwNjcyMTM4","avatar_url":"https://avatars.githubusercontent.com/u/90672138?v=4","gravatar_id":"","url":"https://api.github.com/users/MeerIsmailAli","html_url":"https://github.com/MeerIsmailAli","followers_url":"https://api.github.com/users/MeerIsmailAli/followers","following_url":"https://api.github.com/users/MeerIsmailAli/following{/other_user}","gists_url":"https://api.github.com/users/MeerIsmailAli/gists{/gist_id}","starred_url":"https://api.github.com/users/MeerIsmailAli/starred{/owner}{/repo}","subscriptions_url":"https://api.github.com/users/MeerIsmailAli/subscriptions","organizations_url":"https://api.github.com/users/MeerIsmailAli/orgs","repos_url":"https://api.github.com/users/MeerIsmailAli/repos","events_url":"https://api.github.com/users/MeerIsmailAli/events{/privacy}","received_events_url":"https://api.github.com/users/MeerIsmailAli/received_events","type":"User","site_admin":false,"name":"Meer Ismail Ali","company":null,"blog":"","location":null,"email":null,"hireable":null,"bio":null,"twitter_username":null,"public_repos":11,"public_gists":0,"followers":0,"following":1,"created_at":"2021-09-14T05:04:55Z","updated_at":"2024-01-26T06:40:50Z","private_gists":0,"total_private_repos":1,"owned_private_repos":1,"disk_usage":6898,"collaborators":3,"two_factor_authentication":true,"plan":{"name":"free","space":976562499,"collaborators":0,"private_repos":10000}}
[info] 
[info] ✔  Success! Logged into GitHub as MeerIsmailAli 
[info] 
